<?xml version="1.0" encoding="UTF-8"?>
<testng-results skipped="0" failed="1" ignored="0" total="6" passed="5">
  <reporter-output>
  </reporter-output>
  <suite name="Suite" duration-ms="74658" started-at="2022-03-01T21:16:22Z" finished-at="2022-03-01T21:17:36Z">
    <groups>
    </groups>
    <test name="Test" duration-ms="74658" started-at="2022-03-01T21:16:22Z" finished-at="2022-03-01T21:17:36Z">
      <class name="com.tests.LoginPageTest">
        <test-method status="PASS" signature="setUp(java.lang.String, java.lang.String)[pri:0, instance:com.tests.LoginPageTest@42dafa95]" name="setUp" is-config="true" duration-ms="9780" started-at="2022-03-01T21:16:38Z" finished-at="2022-03-01T21:16:48Z">
          <params>
            <param index="0">
              <value>
                <![CDATA[https://www.flipkart.com/]]>
              </value>
            </param>
            <param index="1">
              <value>
                <![CDATA[chrome]]>
              </value>
            </param>
          </params>
          <reporter-output>
          </reporter-output>
        </test-method> <!-- setUp -->
        <test-method status="PASS" signature="verifyLoginPageTilteTest()[pri:1, instance:com.tests.LoginPageTest@42dafa95]" name="verifyLoginPageTilteTest" duration-ms="10" started-at="2022-03-01T21:16:48Z" finished-at="2022-03-01T21:16:48Z">
          <reporter-output>
          </reporter-output>
        </test-method> <!-- verifyLoginPageTilteTest -->
        <test-method status="PASS" signature="tearDown()[pri:0, instance:com.tests.LoginPageTest@42dafa95]" name="tearDown" is-config="true" duration-ms="767" started-at="2022-03-01T21:16:48Z" finished-at="2022-03-01T21:16:49Z">
          <reporter-output>
          </reporter-output>
        </test-method> <!-- tearDown -->
        <test-method status="PASS" signature="setUp(java.lang.String, java.lang.String)[pri:0, instance:com.tests.LoginPageTest@42dafa95]" name="setUp" is-config="true" duration-ms="9059" started-at="2022-03-01T21:16:49Z" finished-at="2022-03-01T21:16:58Z">
          <params>
            <param index="0">
              <value>
                <![CDATA[https://www.flipkart.com/]]>
              </value>
            </param>
            <param index="1">
              <value>
                <![CDATA[chrome]]>
              </value>
            </param>
          </params>
          <reporter-output>
          </reporter-output>
        </test-method> <!-- setUp -->
        <test-method status="FAIL" signature="VerifyReturnLinkTest()[pri:2, instance:com.tests.LoginPageTest@42dafa95]" name="VerifyReturnLinkTest" duration-ms="2" started-at="2022-03-01T21:16:58Z" finished-at="2022-03-01T21:16:58Z">
          <exception class="java.lang.IllegalArgumentException">
            <message>
              <![CDATA[Argument is of an illegal type: org.openqa.selenium.By$ByLinkText]]>
            </message>
            <full-stacktrace>
              <![CDATA[java.lang.IllegalArgumentException: Argument is of an illegal type: org.openqa.selenium.By$ByLinkText
at org.openqa.selenium.remote.internal.WebElementToJsonConverter.apply(WebElementToJsonConverter.java:83)
at java.util.stream.ReferencePipeline$3$1.accept(ReferencePipeline.java:193)
at java.util.Spliterators$ArraySpliterator.forEachRemaining(Spliterators.java:948)
at java.util.stream.AbstractPipeline.copyInto(AbstractPipeline.java:482)
at java.util.stream.AbstractPipeline.wrapAndCopyInto(AbstractPipeline.java:472)
at java.util.stream.ReduceOps$ReduceOp.evaluateSequential(ReduceOps.java:708)
at java.util.stream.AbstractPipeline.evaluate(AbstractPipeline.java:234)
at java.util.stream.ReferencePipeline.collect(ReferencePipeline.java:499)
at org.openqa.selenium.remote.RemoteWebDriver.executeScript(RemoteWebDriver.java:484)
at com.pages.LoginPage.VerifyReturnLink(LoginPage.java:70)
at com.tests.LoginPageTest.VerifyReturnLinkTest(LoginPageTest.java:20)
at sun.reflect.NativeMethodAccessorImpl.invoke0(Native Method)
at sun.reflect.NativeMethodAccessorImpl.invoke(NativeMethodAccessorImpl.java:62)
at sun.reflect.DelegatingMethodAccessorImpl.invoke(DelegatingMethodAccessorImpl.java:43)
at java.lang.reflect.Method.invoke(Method.java:498)
at org.testng.internal.MethodInvocationHelper.invokeMethod(MethodInvocationHelper.java:124)
at org.testng.internal.Invoker.invokeMethod(Invoker.java:583)
at org.testng.internal.Invoker.invokeTestMethod(Invoker.java:719)
at org.testng.internal.Invoker.invokeTestMethods(Invoker.java:989)
at org.testng.internal.TestMethodWorker.invokeTestMethods(TestMethodWorker.java:125)
at org.testng.internal.TestMethodWorker.run(TestMethodWorker.java:109)
at java.util.concurrent.ThreadPoolExecutor.runWorker(ThreadPoolExecutor.java:1149)
at java.util.concurrent.ThreadPoolExecutor$Worker.run(ThreadPoolExecutor.java:624)
at java.lang.Thread.run(Thread.java:748)
]]>
            </full-stacktrace>
          </exception> <!-- java.lang.IllegalArgumentException -->
          <reporter-output>
          </reporter-output>
        </test-method> <!-- VerifyReturnLinkTest -->
        <test-method status="PASS" signature="tearDown()[pri:0, instance:com.tests.LoginPageTest@42dafa95]" name="tearDown" is-config="true" duration-ms="768" started-at="2022-03-01T21:16:58Z" finished-at="2022-03-01T21:16:58Z">
          <reporter-output>
          </reporter-output>
        </test-method> <!-- tearDown -->
        <test-method status="PASS" signature="setUp(java.lang.String, java.lang.String)[pri:0, instance:com.tests.LoginPageTest@42dafa95]" name="setUp" is-config="true" duration-ms="9377" started-at="2022-03-01T21:16:58Z" finished-at="2022-03-01T21:17:08Z">
          <params>
            <param index="0">
              <value>
                <![CDATA[https://www.flipkart.com/]]>
              </value>
            </param>
            <param index="1">
              <value>
                <![CDATA[chrome]]>
              </value>
            </param>
          </params>
          <reporter-output>
          </reporter-output>
        </test-method> <!-- setUp -->
        <test-method status="PASS" signature="VerifyHomeDropdownListTest()[pri:3, instance:com.tests.LoginPageTest@42dafa95]" name="VerifyHomeDropdownListTest" duration-ms="2457" started-at="2022-03-01T21:17:08Z" finished-at="2022-03-01T21:17:10Z">
          <reporter-output>
          </reporter-output>
        </test-method> <!-- VerifyHomeDropdownListTest -->
        <test-method status="PASS" signature="tearDown()[pri:0, instance:com.tests.LoginPageTest@42dafa95]" name="tearDown" is-config="true" duration-ms="758" started-at="2022-03-01T21:17:10Z" finished-at="2022-03-01T21:17:11Z">
          <reporter-output>
          </reporter-output>
        </test-method> <!-- tearDown -->
        <test-method status="PASS" signature="setUp(java.lang.String, java.lang.String)[pri:0, instance:com.tests.LoginPageTest@42dafa95]" name="setUp" is-config="true" duration-ms="9471" started-at="2022-03-01T21:17:11Z" finished-at="2022-03-01T21:17:21Z">
          <params>
            <param index="0">
              <value>
                <![CDATA[https://www.flipkart.com/]]>
              </value>
            </param>
            <param index="1">
              <value>
                <![CDATA[chrome]]>
              </value>
            </param>
          </params>
          <reporter-output>
          </reporter-output>
        </test-method> <!-- setUp -->
        <test-method status="PASS" signature="searchBoxItemTest()[pri:4, instance:com.tests.LoginPageTest@42dafa95]" name="searchBoxItemTest" duration-ms="2328" started-at="2022-03-01T21:17:21Z" finished-at="2022-03-01T21:17:23Z">
          <reporter-output>
          </reporter-output>
        </test-method> <!-- searchBoxItemTest -->
        <test-method status="PASS" signature="tearDown()[pri:0, instance:com.tests.LoginPageTest@42dafa95]" name="tearDown" is-config="true" duration-ms="763" started-at="2022-03-01T21:17:23Z" finished-at="2022-03-01T21:17:24Z">
          <reporter-output>
          </reporter-output>
        </test-method> <!-- tearDown -->
        <test-method status="PASS" signature="setUp(java.lang.String, java.lang.String)[pri:0, instance:com.tests.LoginPageTest@42dafa95]" name="setUp" is-config="true" duration-ms="9405" started-at="2022-03-01T21:17:24Z" finished-at="2022-03-01T21:17:33Z">
          <params>
            <param index="0">
              <value>
                <![CDATA[https://www.flipkart.com/]]>
              </value>
            </param>
            <param index="1">
              <value>
                <![CDATA[chrome]]>
              </value>
            </param>
          </params>
          <reporter-output>
          </reporter-output>
        </test-method> <!-- setUp -->
        <test-method status="PASS" signature="doLoginTest(java.lang.String, java.lang.String)[pri:5, instance:com.tests.LoginPageTest@42dafa95]" name="doLoginTest" duration-ms="2617" started-at="2022-03-01T21:17:33Z" finished-at="2022-03-01T21:17:36Z">
          <params>
            <param index="0">
              <value>
                <![CDATA[patelkishan0715@gmail.com]]>
              </value>
            </param>
            <param index="1">
              <value>
                <![CDATA[Kishan@07]]>
              </value>
            </param>
          </params>
          <reporter-output>
          </reporter-output>
        </test-method> <!-- doLoginTest -->
        <test-method status="PASS" signature="tearDown()[pri:0, instance:com.tests.LoginPageTest@42dafa95]" name="tearDown" is-config="true" duration-ms="746" started-at="2022-03-01T21:17:36Z" finished-at="2022-03-01T21:17:36Z">
          <reporter-output>
          </reporter-output>
        </test-method> <!-- tearDown -->
      </class> <!-- com.tests.LoginPageTest -->
      <class name="com.tests.HomePageTest">
        <test-method status="PASS" signature="setUp(java.lang.String, java.lang.String)[pri:0, instance:com.tests.HomePageTest@6500df86]" name="setUp" is-config="true" duration-ms="12763" started-at="2022-03-01T21:16:22Z" finished-at="2022-03-01T21:16:35Z">
          <params>
            <param index="0">
              <value>
                <![CDATA[https://www.flipkart.com/]]>
              </value>
            </param>
            <param index="1">
              <value>
                <![CDATA[chrome]]>
              </value>
            </param>
          </params>
          <reporter-output>
          </reporter-output>
        </test-method> <!-- setUp -->
        <test-method status="PASS" signature="verifyMyaccountLinkTest(java.lang.String, java.lang.String)[pri:0, instance:com.tests.HomePageTest@6500df86]" name="verifyMyaccountLinkTest" duration-ms="2730" started-at="2022-03-01T21:16:35Z" finished-at="2022-03-01T21:16:37Z">
          <params>
            <param index="0">
              <value>
                <![CDATA[patelkishan0715@gmail.com]]>
              </value>
            </param>
            <param index="1">
              <value>
                <![CDATA[Kishan@07]]>
              </value>
            </param>
          </params>
          <reporter-output>
          </reporter-output>
        </test-method> <!-- verifyMyaccountLinkTest -->
        <test-method status="PASS" signature="tearDown()[pri:0, instance:com.tests.HomePageTest@6500df86]" name="tearDown" is-config="true" duration-ms="786" started-at="2022-03-01T21:16:37Z" finished-at="2022-03-01T21:16:38Z">
          <reporter-output>
          </reporter-output>
        </test-method> <!-- tearDown -->
      </class> <!-- com.tests.HomePageTest -->
    </test> <!-- Test -->
  </suite> <!-- Suite -->
</testng-results>
